<?xml version="1.0" encoding="UTF-8"?>
<!-- Generated by org.testng.reporters.JUnitReportReporter -->
<testsuite skipped="0" hostname="LOR-010" name="ngpractice.Example1" tests="1" failures="0" timestamp="2022-05-02T18:50:14 IST" time="0.015" errors="0">
  <testcase name="testcase1" time="0.015" classname="ngpractice.Example1"/>
  <system-out/>
</testsuite> <!-- ngpractice.Example1 -->
