<?xml version="1.0" encoding="UTF-8"?>
<!-- Generated by org.testng.reporters.JUnitReportReporter -->
<testsuite skipped="0" hostname="LOR-010" name="ngpractice.Example4" tests="2" failures="0" timestamp="2022-05-02T18:52:31 IST" time="0.015" errors="0">
  <testcase name="testcase4" time="0.012" classname="ngpractice.Example4"/>
  <system-out/>
  <testcase name="testcase5" time="0.003" classname="ngpractice.Example4"/>
  <system-out/>
</testsuite> <!-- ngpractice.Example4 -->
