<?xml version="1.0" encoding="UTF-8"?>
<!-- Generated by org.testng.reporters.JUnitReportReporter -->
<testsuite skipped="0" hostname="LOR-010" name="ngpractice.Example3" tests="1" failures="0" timestamp="2022-05-02T18:52:05 IST" time="28.967" errors="0">
  <testcase name="actiTime" time="28.967" classname="ngpractice.Example3"/>
  <system-out/>
</testsuite> <!-- ngpractice.Example3 -->
