<?xml version="1.0" encoding="UTF-8"?>
<!-- Generated by org.testng.reporters.JUnitReportReporter -->
<testsuite skipped="0" hostname="LOR-010" name="ngpractice.Example2" tests="1" failures="0" timestamp="2022-04-28T19:32:18 IST" time="0.011" errors="0">
  <testcase name="testcase2" time="0.011" classname="ngpractice.Example2"/>
  <system-out/>
</testsuite> <!-- ngpractice.Example2 -->
